  compilation code save succeeded; see C:\Users\2190440\Desktop\bbb\レベルデザインーワンクリック\Debug\primitive_batch_ps.cod
  compilation object save succeeded; see C:\Users\2190440\Desktop\bbb\レベルデザインーワンクリック\Debug\primitive_batch_ps.cso
  compilation code save succeeded; see C:\Users\2190440\Desktop\bbb\レベルデザインーワンクリック\Debug\primitive_batch_vs.cod
  compilation object save succeeded; see C:\Users\2190440\Desktop\bbb\レベルデザインーワンクリック\Data\Shaders\primitive_batch_vs.cso
  compilation code save succeeded; see C:\Users\2190440\Desktop\bbb\レベルデザインーワンクリック\Debug\primitive_ps.cod
  compilation object save succeeded; see C:\Users\2190440\Desktop\bbb\レベルデザインーワンクリック\Data\Shaders\primitive_ps.cso
  compilation code save succeeded; see C:\Users\2190440\Desktop\bbb\レベルデザインーワンクリック\Debug\primitive_vs.cod
  compilation object save succeeded; see C:\Users\2190440\Desktop\bbb\レベルデザインーワンクリック\Data\Shaders\primitive_vs.cso
  compilation code save succeeded; see C:\Users\2190440\Desktop\bbb\レベルデザインーワンクリック\Debug\sprite_batch_ps.cod
  compilation object save succeeded; see C:\Users\2190440\Desktop\bbb\レベルデザインーワンクリック\Data\Shaders\sprite_batch_ps.cso
  compilation code save succeeded; see C:\Users\2190440\Desktop\bbb\レベルデザインーワンクリック\Debug\sprite_batch_vs.cod
  compilation object save succeeded; see C:\Users\2190440\Desktop\bbb\レベルデザインーワンクリック\Data\Shaders\sprite_batch_vs.cso
  compilation code save succeeded; see C:\Users\2190440\Desktop\bbb\レベルデザインーワンクリック\Debug\sprite_ps.cod
  compilation object save succeeded; see C:\Users\2190440\Desktop\bbb\レベルデザインーワンクリック\Data\Shaders\sprite_ps.cso
  compilation code save succeeded; see C:\Users\2190440\Desktop\bbb\レベルデザインーワンクリック\Debug\sprite_vs.cod
  compilation object save succeeded; see C:\Users\2190440\Desktop\bbb\レベルデザインーワンクリック\Data\Shaders\sprite_vs.cso
  debug.cpp
  dxtk_audio.cpp
  font.cpp
  frame_rate.cpp
  game_lib.cpp
  input_manager.cpp
  obj2d_data.cpp
  primitive.cpp
  resource_manager.cpp
  sprite.cpp
  texture.cpp
  vector.cpp
  view_settings.cpp
  bg.cpp
  botton.cpp
C:\Users\2190440\Desktop\bbb\レベルデザインーワンクリック\SourceCode\bg.cpp(380,26): warning C4552: '-': 式の結果が使用されていません
C:\Users\2190440\Desktop\bbb\レベルデザインーワンクリック\SourceCode\botton.cpp(30,60): warning C4244: '引数': 'int' から 'float' への変換です。データが失われる可能性があります。
  game.cpp
  judge.cpp
  main.cpp
  mapObj.cpp
C:\Users\2190440\Desktop\bbb\レベルデザインーワンクリック\SourceCode\botton.cpp(30,43): warning C4244: '引数': 'int' から 'float' への変換です。データが失われる可能性があります。
C:\Users\2190440\Desktop\bbb\レベルデザインーワンクリック\SourceCode\mapObj.cpp(77,32): warning C4100: 'obj': 引数は関数の本体部で 1 度も参照されません。
C:\Users\2190440\Desktop\bbb\レベルデザインーワンクリック\SourceCode\mapObj.cpp(84,13): warning C4189: 'animeData': ローカル変数が初期化されましたが、参照されていません
  obj2d.cpp
C:\Users\2190440\Desktop\bbb\レベルデザインーワンクリック\SourceCode\mapObj.cpp(130,30): warning C4100: 'obj': 引数は関数の本体部で 1 度も参照されません。
  コードを生成中...
C:\Users\2190440\Desktop\bbb\レベルデザインーワンクリック\SourceCode\obj2d.cpp(134,40): warning C4100: 'col': 引数は関数の本体部で 1 度も参照されません。
C:\Users\2190440\Desktop\bbb\レベルデザインーワンクリック\SourceCode\bg.cpp(392): warning C4715: 'BG::isCeiling': 値を返さないコントロール パスがあります。
  コンパイル中...
  player.cpp
  scene.cpp
  sprite_data.cpp
  title.cpp
  tutorial.cpp
C:\Users\2190440\Desktop\bbb\レベルデザインーワンクリック\SourceCode\bg.cpp(438): warning C4715: 'BG::isWall': 値を返さないコントロール パスがあります。
C:\Users\2190440\Desktop\bbb\レベルデザインーワンクリック\SourceCode\tutorial.cpp(114,111): warning C4458: 'speed' を宣言すると、クラス メンバーが隠蔽されます
C:\Users\2190440\Desktop\bbb\レベルデザインーワンクリック\SourceCode\tutorial.h(8,26): message : 'Tutorial::speed' の宣言を確認してください
C:\Users\2190440\Desktop\bbb\レベルデザインーワンクリック\SourceCode\tutorial.cpp(114,111): warning C4458: 'started' を宣言すると、クラス メンバーが隠蔽されます
C:\Users\2190440\Desktop\bbb\レベルデザインーワンクリック\SourceCode\tutorial.h(18,11): message : 'Tutorial::started' の宣言を確認してください
  wall.cpp
C:\Users\2190440\Desktop\bbb\レベルデザインーワンクリック\SourceCode\tutorial.cpp(118,22): warning C4244: '引数': 'int' から 'float' への変換です。データが失われる可能性があります。
C:\Users\2190440\Desktop\bbb\レベルデザインーワンクリック\SourceCode\wall.cpp(55,53): warning C4244: '引数': 'int' から 'float' への変換です。データが失われる可能性があります。
C:\Users\2190440\Desktop\bbb\レベルデザインーワンクリック\SourceCode\wall.cpp(55,36): warning C4244: '引数': 'int' から 'float' への変換です。データが失われる可能性があります。
C:\Users\2190440\Desktop\bbb\レベルデザインーワンクリック\SourceCode\wall.cpp(65,58): warning C4244: '引数': 'int' から 'float' への変換です。データが失われる可能性があります。
C:\Users\2190440\Desktop\bbb\レベルデザインーワンクリック\SourceCode\wall.cpp(65,41): warning C4244: '引数': 'int' から 'float' への変換です。データが失われる可能性があります。
C:\Users\2190440\Desktop\bbb\レベルデザインーワンクリック\SourceCode\wall.cpp(142,42): warning C4244: '=': 'double' から 'float' への変換です。データが失われる可能性があります。
C:\Users\2190440\Desktop\bbb\レベルデザインーワンクリック\SourceCode\wall.cpp(143,42): warning C4244: '=': 'double' から 'float' への変換です。データが失われる可能性があります。
C:\Users\2190440\Desktop\bbb\レベルデザインーワンクリック\SourceCode\wall.cpp(144,42): warning C4244: '=': 'double' から 'float' への変換です。データが失われる可能性があります。
C:\Users\2190440\Desktop\bbb\レベルデザインーワンクリック\SourceCode\wall.cpp(145,42): warning C4244: '=': 'double' から 'float' への変換です。データが失われる可能性があります。
C:\Users\2190440\Desktop\bbb\レベルデザインーワンクリック\SourceCode\wall.cpp(220,42): warning C4244: '=': 'double' から 'float' への変換です。データが失われる可能性があります。
C:\Users\2190440\Desktop\bbb\レベルデザインーワンクリック\SourceCode\wall.cpp(221,42): warning C4244: '=': 'double' から 'float' への変換です。データが失われる可能性があります。
C:\Users\2190440\Desktop\bbb\レベルデザインーワンクリック\SourceCode\wall.cpp(222,42): warning C4244: '=': 'double' から 'float' への変換です。データが失われる可能性があります。
C:\Users\2190440\Desktop\bbb\レベルデザインーワンクリック\SourceCode\wall.cpp(223,42): warning C4244: '=': 'double' から 'float' への変換です。データが失われる可能性があります。
C:\Users\2190440\Desktop\bbb\レベルデザインーワンクリック\SourceCode\wall.cpp(237,30): warning C4305: '引数': 'double' から 'float' へ切り詰めます。
C:\Users\2190440\Desktop\bbb\レベルデザインーワンクリック\SourceCode\wall.cpp(310,107): warning C4458: 'started' を宣言すると、クラス メンバーが隠蔽されます
C:\Users\2190440\Desktop\bbb\レベルデザインーワンクリック\SourceCode\wall.h(45,11): message : 'Wall::started' の宣言を確認してください
  work.cpp
  コードを生成中...
C:\Users\2190440\Desktop\bbb\レベルデザインーワンクリック\SourceCode\wall.cpp(314,22): warning C4244: '引数': 'int' から 'float' への変換です。データが失われる可能性があります。
  gp2.vcxproj -> C:\Users\2190440\Desktop\bbb\レベルデザインーワンクリック\Debug\gp2.exe
